<?xml version="1.0" encoding="UTF-8"?>
<!-- Generated by org.testng.reporters.JUnitXMLReporter -->
<testsuite ignored="0" hostname="DESKTOP-PTC7N5O" failures="0" tests="2" name="Test-method test" time="0.033" errors="0" timestamp="2023-11-13T16:51:16 IST">
  <testcase classname="com.parallel.Parallel" name="testMethodsTwo" time="0.004"/>
  <testcase classname="com.parallel.Parallel" name="testMethodsOne" time="0.005"/>
</testsuite> <!-- Test-method test -->
