<?xml version="1.0" encoding="UTF-8"?>
<!-- Generated by org.testng.reporters.JUnitXMLReporter -->
<testsuite ignored="0" hostname="DESKTOP-PTC7N5O" failures="0" tests="4" name="Test-class test" time="0.037" errors="0" timestamp="2023-11-13T16:57:22 IST">
  <testcase classname="com.parallel.ParallelClassesTestOne" name="testMethodOne" time="0.005"/>
  <testcase classname="com.parallel.ParallelClassesTestOne" name="testMethodTwo" time="0.001"/>
  <testcase classname="com.parallel.ParallelClassesTestTwo" name="testMethodOne" time="0.001"/>
  <testcase classname="com.parallel.ParallelClassesTestTwo" name="testMethodTwo" time="0.001"/>
</testsuite> <!-- Test-class test -->
