<?xml version="1.0" encoding="UTF-8"?>
<!-- Generated by org.testng.reporters.JUnitReportReporter -->
<testsuite hostname="DESKTOP-PTC7N5O" failures="0" tests="1" name="com.test.groups.Home_loan" time="0.001" errors="0" timestamp="2023-11-13T15:58:16 IST" skipped="0">
  <testcase classname="com.test.groups.Home_loan" name="MobileLoginHomeLoan" time="0.001"/>
  <system-out/>
</testsuite> <!-- com.test.groups.Home_loan -->
