<?xml version="1.0" encoding="UTF-8"?>
<!-- Generated by org.testng.reporters.JUnitReportReporter -->
<testsuite hostname="DESKTOP-PTC7N5O" failures="0" tests="4" name="com.test.groups.Groups" time="0.009" errors="0" timestamp="2023-11-13T16:01:16 IST" skipped="0">
  <testcase classname="com.test.groups.Groups" name="testcase3" time="0.001"/>
  <system-out/>
  <testcase classname="com.test.groups.Groups" name="testcase1" time="0.006"/>
  <system-out/>
  <testcase classname="com.test.groups.Groups" name="testcase2" time="0.001"/>
  <system-out/>
  <testcase classname="com.test.groups.Groups" name="testcase2" time="0.001"/>
  <system-out/>
</testsuite> <!-- com.test.groups.Groups -->
