<?xml version="1.0" encoding="UTF-8"?>
<!-- Generated by org.testng.reporters.JUnitReportReporter -->
<testsuite hostname="DESKTOP-PTC7N5O" failures="0" tests="1" name="com.testNg.com.testNg_test.TNG_08_Parameters" time="0.005" errors="0" timestamp="2023-11-13T17:16:02 IST" skipped="0">
  <testcase classname="com.testNg.com.testNg_test.TNG_08_Parameters" name="f" time="0.005"/>
  <system-out/>
</testsuite> <!-- com.testNg.com.testNg_test.TNG_08_Parameters -->
