<?xml version="1.0" encoding="UTF-8"?>
<!-- Generated by org.testng.reporters.JUnitReportReporter -->
<testsuite hostname="DESKTOP-PTC7N5O" failures="0" tests="2" name="com.parallel.Parallel" time="0.015" errors="0" timestamp="2023-11-13T16:51:16 IST" skipped="0">
  <testcase classname="com.parallel.Parallel" name="testMethodsOne" time="0.008"/>
  <system-out/>
  <testcase classname="com.parallel.Parallel" name="testMethodsTwo" time="0.007"/>
  <system-out/>
</testsuite> <!-- com.parallel.Parallel -->
