<?xml version="1.0" encoding="UTF-8"?>
<!-- Generated by org.testng.reporters.JUnitReportReporter -->
<testsuite hostname="DESKTOP-PTC7N5O" failures="0" tests="4" name="com.testNg.com.testNg_test.Dependson" time="0.009" errors="0" timestamp="2023-11-13T16:24:01 IST" skipped="0">
  <testcase classname="com.testNg.com.testNg_test.Dependson" name="test4" time="0.001"/>
  <system-out/>
  <testcase classname="com.testNg.com.testNg_test.Dependson" name="test1" time="0.001"/>
  <system-out/>
  <testcase classname="com.testNg.com.testNg_test.Dependson" name="test2" time="0.006"/>
  <system-out/>
  <testcase classname="com.testNg.com.testNg_test.Dependson" name="test3" time="0.001"/>
  <system-out/>
</testsuite> <!-- com.testNg.com.testNg_test.Dependson -->
