<?xml version="1.0" encoding="UTF-8"?>
<!-- Generated by org.testng.reporters.JUnitReportReporter -->
<testsuite hostname="DESKTOP-PTC7N5O" failures="0" tests="2" name="com.testNg.com.testNg_test.MultiBrowser" time="0.006" errors="0" timestamp="2023-11-14T12:45:14 IST" skipped="0">
  <testcase classname="com.testNg.com.testNg_test.MultiBrowser" name="f" time="0.005"/>
  <system-out/>
  <testcase classname="com.testNg.com.testNg_test.MultiBrowser" name="f" time="0.001"/>
  <system-out/>
</testsuite> <!-- com.testNg.com.testNg_test.MultiBrowser -->
