<?xml version="1.0" encoding="UTF-8"?>
<!-- Generated by org.testng.reporters.JUnitReportReporter -->
<testsuite hostname="DESKTOP-PTC7N5O" failures="0" tests="3" name="com.parallel.TNG_11_ParallelExecution_02" time="541.393" errors="0" timestamp="2023-11-13T17:12:31 IST" skipped="0">
  <testcase classname="com.parallel.TNG_11_ParallelExecution_02" name="testCase6" time="300.776"/>
  <system-out/>
  <testcase classname="com.parallel.TNG_11_ParallelExecution_02" name="testCase5" time="210.543"/>
  <system-out/>
  <testcase classname="com.parallel.TNG_11_ParallelExecution_02" name="testCase4" time="30.074"/>
  <system-out/>
</testsuite> <!-- com.parallel.TNG_11_ParallelExecution_02 -->
