<?xml version="1.0" encoding="UTF-8"?>
<!-- Generated by org.testng.reporters.JUnitReportReporter -->
<testsuite hostname="DESKTOP-PTC7N5O" failures="0" tests="1" name="com.test.groups.Car_loan" time="0.000" errors="0" timestamp="2023-11-13T15:58:16 IST" skipped="0">
  <testcase classname="com.test.groups.Car_loan" name="APILoginCarLoan" time="0.000"/>
  <system-out/>
</testsuite> <!-- com.test.groups.Car_loan -->
