<?xml version="1.0" encoding="UTF-8"?>
<!-- Generated by org.testng.reporters.JUnitReportReporter -->
<testsuite hostname="DESKTOP-PTC7N5O" failures="0" tests="2" name="com.parallel.ParallelClassesTestOne" time="0.006" errors="0" timestamp="2023-11-13T16:57:22 IST" skipped="0">
  <testcase classname="com.parallel.ParallelClassesTestOne" name="testMethodOne" time="0.005"/>
  <system-out/>
  <testcase classname="com.parallel.ParallelClassesTestOne" name="testMethodTwo" time="0.001"/>
  <system-out/>
</testsuite> <!-- com.parallel.ParallelClassesTestOne -->
