<?xml version="1.0" encoding="UTF-8"?>
<!-- Generated by org.testng.reporters.JUnitReportReporter -->
<testsuite hostname="DESKTOP-PTC7N5O" failures="0" tests="2" name="com.test.groups.Regular_Expression" time="0.008" errors="0" timestamp="2023-11-13T16:06:54 IST" skipped="0">
  <testcase classname="com.test.groups.Regular_Expression" name="test_case1" time="0.007"/>
  <system-out/>
  <testcase classname="com.test.groups.Regular_Expression" name="test_case2" time="0.001"/>
  <system-out/>
</testsuite> <!-- com.test.groups.Regular_Expression -->
