<?xml version="1.0" encoding="UTF-8"?>
<!-- Generated by org.testng.reporters.JUnitReportReporter -->
<testsuite hostname="DESKTOP-PTC7N5O" failures="0" tests="6" name="com.testNg.com.testNg_test.Priortisation" time="0.010" errors="0" timestamp="2023-11-13T16:28:10 IST" skipped="0">
  <testcase classname="com.testNg.com.testNg_test.Priortisation" name="sendEmail" time="0.006"/>
  <system-out/>
  <testcase classname="com.testNg.com.testNg_test.Priortisation" name="loginTest" time="0.001"/>
  <system-out/>
  <testcase classname="com.testNg.com.testNg_test.Priortisation" name="meetUp" time="0.000"/>
  <system-out/>
  <testcase classname="com.testNg.com.testNg_test.Priortisation" name="registerTest" time="0.001"/>
  <system-out/>
  <testcase classname="com.testNg.com.testNg_test.Priortisation" name="checkCalendar" time="0.001"/>
  <system-out/>
  <testcase classname="com.testNg.com.testNg_test.Priortisation" name="logoutTest" time="0.001"/>
  <system-out/>
</testsuite> <!-- com.testNg.com.testNg_test.Priortisation -->
