<?xml version="1.0" encoding="UTF-8"?>
<!-- Generated by org.testng.reporters.JUnitReportReporter -->
<testsuite hostname="DESKTOP-PTC7N5O" failures="0" tests="6" name="com.testNg.com.testNg_test.Dataprovider" time="0.010" errors="0" timestamp="2023-11-15T21:55:16 IST" skipped="0">
  <testcase classname="com.testNg.com.testNg_test.Dataprovider" name="test1" time="0.001"/>
  <system-out/>
  <testcase classname="com.testNg.com.testNg_test.Dataprovider" name="test1" time="0.001"/>
  <system-out/>
  <testcase classname="com.testNg.com.testNg_test.Dataprovider" name="test1" time="0.001"/>
  <system-out/>
  <testcase classname="com.testNg.com.testNg_test.Dataprovider" name="test1" time="0.001"/>
  <system-out/>
  <testcase classname="com.testNg.com.testNg_test.Dataprovider" name="test1" time="0.005"/>
  <system-out/>
  <testcase classname="com.testNg.com.testNg_test.Dataprovider" name="test1" time="0.001"/>
  <system-out/>
</testsuite> <!-- com.testNg.com.testNg_test.Dataprovider -->
