<?xml version="1.0" encoding="UTF-8"?>
<!-- Generated by org.testng.reporters.JUnitReportReporter -->
<testsuite hostname="DESKTOP-PTC7N5O" failures="0" tests="5" name="com.testNg.com.testNg_test.Demo_Test" time="0.011" errors="0" timestamp="2023-11-12T15:28:06 IST" skipped="0">
  <testcase classname="com.testNg.com.testNg_test.Demo_Test" name="test3" time="0.002"/>
  <system-out/>
  <testcase classname="com.testNg.com.testNg_test.Demo_Test" name="test2" time="0.002"/>
  <system-out/>
  <testcase classname="com.testNg.com.testNg_test.Demo_Test" name="test1" time="0.005"/>
  <system-out/>
  <testcase classname="com.testNg.com.testNg_test.Demo_Test" name="test5" time="0.001"/>
  <system-out/>
  <testcase classname="com.testNg.com.testNg_test.Demo_Test" name="test4" time="0.001"/>
  <system-out/>
</testsuite> <!-- com.testNg.com.testNg_test.Demo_Test -->
