<?xml version="1.0" encoding="UTF-8"?>
<!-- Generated by org.testng.reporters.JUnitReportReporter -->
<testsuite hostname="DESKTOP-PTC7N5O" failures="0" tests="1" name="com.testNg.com.testNg_test.BeforeAfterMethod" time="3.564" errors="0" timestamp="2023-11-12T15:26:41 IST" skipped="0">
  <testcase classname="com.testNg.com.testNg_test.BeforeAfterMethod" name="verifyPageTitle1" time="3.564"/>
  <system-out/>
</testsuite> <!-- com.testNg.com.testNg_test.BeforeAfterMethod -->
