<?xml version="1.0" encoding="UTF-8"?>
<!-- Generated by org.testng.reporters.JUnitReportReporter -->
<testsuite hostname="DESKTOP-PTC7N5O" failures="0" tests="2" name="com.testNg.com.testNg_test.MultiBrowsers" time="0.009" errors="0" timestamp="2023-11-14T12:58:50 IST" skipped="0">
  <testcase classname="com.testNg.com.testNg_test.MultiBrowsers" name="login" time="0.008"/>
  <system-out/>
  <testcase classname="com.testNg.com.testNg_test.MultiBrowsers" name="login" time="0.001"/>
  <system-out/>
</testsuite> <!-- com.testNg.com.testNg_test.MultiBrowsers -->
